<?xml version="1.0" encoding="UTF-8"?>
<testng-results skipped="0" failed="0" ignored="0" total="1" passed="1">
  <reporter-output>
  </reporter-output>
  <suite name="Default suite" duration-ms="16592" started-at="2018-03-05T09:35:07Z" finished-at="2018-03-05T09:35:23Z">
    <groups>
    </groups>
    <test name="Default test" duration-ms="16592" started-at="2018-03-05T09:35:07Z" finished-at="2018-03-05T09:35:23Z">
      <class name="MavenJava2.Indianic.DynamicdropdownAirIndia">
        <test-method status="PASS" signature="SetUp()[pri:0, instance:MavenJava2.Indianic.DynamicdropdownAirIndia@17cd7a0]" name="SetUp" is-config="true" duration-ms="8889" started-at="2018-03-05T09:35:07Z" finished-at="2018-03-05T09:35:16Z">
          <reporter-output>
          </reporter-output>
        </test-method> <!-- SetUp -->
        <test-method status="PASS" signature="From()[pri:0, instance:MavenJava2.Indianic.DynamicdropdownAirIndia@17cd7a0]" name="From" duration-ms="6347" started-at="2018-03-05T09:35:16Z" finished-at="2018-03-05T09:35:22Z">
          <reporter-output>
          </reporter-output>
        </test-method> <!-- From -->
        <test-method status="PASS" signature="teardown()[pri:0, instance:MavenJava2.Indianic.DynamicdropdownAirIndia@17cd7a0]" name="teardown" is-config="true" duration-ms="1306" started-at="2018-03-05T09:35:22Z" finished-at="2018-03-05T09:35:23Z">
          <reporter-output>
          </reporter-output>
        </test-method> <!-- teardown -->
      </class> <!-- MavenJava2.Indianic.DynamicdropdownAirIndia -->
    </test> <!-- Default test -->
  </suite> <!-- Default suite -->
</testng-results>
